<?xml version="1.0" encoding="UTF-8"?>
<testsuite xmlns:xsi="http://www.w3.org/2001/XMLSchema-instance" xsi:noNamespaceSchemaLocation="https://maven.apache.org/surefire/maven-surefire-plugin/xsd/surefire-test-report.xsd" name="cn.cerish.TiroApplicationTests" time="15.327" tests="3" errors="0" skipped="0" failures="0">
  <properties>
[...]
</properties>
  <testcase name="testLog" classname="cn.cerish.TiroApplicationTests" time="0.595"/>
  <testcase name="testRedis" classname="cn.cerish.TiroApplicationTests" time="0"/>
  <testcase name="testToken" classname="cn.cerish.TiroApplicationTests" time="1.567"/>
</testsuite>